\BOOKMARK [1][-]{section.1}{Notation \046 Classification}{}% 1
\BOOKMARK [2][-]{subsection.1.1}{Well-Posedness}{section.1}% 2
\BOOKMARK [2][-]{subsection.1.2}{Classification}{section.1}% 3
\BOOKMARK [2][-]{subsection.1.3}{Strong vs. Weak Solutions}{section.1}% 4
\BOOKMARK [2][-]{subsection.1.4}{Differential Operators}{section.1}% 5
\BOOKMARK [2][-]{subsection.1.5}{Initial Conditions}{section.1}% 6
\BOOKMARK [2][-]{subsection.1.6}{Boundary Conditions}{section.1}% 7
\BOOKMARK [1][-]{section.2}{First-Order PDE}{}% 8
\BOOKMARK [2][-]{subsection.2.1}{Method of characteristics}{section.2}% 9
\BOOKMARK [2][-]{subsection.2.2}{Invertibility \(s,t\) \040\(x,y\) \(transversality\)}{section.2}% 10
\BOOKMARK [2][-]{subsection.2.3}{Existence of a solution}{section.2}% 11
\BOOKMARK [2][-]{subsection.2.4}{Conservation laws and shock waves}{section.2}% 12
\BOOKMARK [1][-]{section.3}{Second-Order PDE}{}% 13
\BOOKMARK [2][-]{subsection.3.1}{Example: Wave Equation}{section.3}% 14
\BOOKMARK [2][-]{subsection.3.2}{Non-Homogeneous Wave equation}{section.3}% 15
\BOOKMARK [3][-]{subsubsection.3.2.1}{Properties of the Wave Equation}{subsection.3.2}% 16
\BOOKMARK [2][-]{subsection.3.3}{Method of Separation of Variables}{section.3}% 17
\BOOKMARK [3][-]{subsubsection.3.3.1}{Heat Equation}{subsection.3.3}% 18
\BOOKMARK [3][-]{subsubsection.3.3.2}{Wave Equation}{subsection.3.3}% 19
\BOOKMARK [3][-]{subsubsection.3.3.3}{Inhomogeneous Equations}{subsection.3.3}% 20
\BOOKMARK [2][-]{subsection.3.4}{Laplace Equation}{section.3}% 21
\BOOKMARK [3][-]{subsubsection.3.4.1}{Harmonic Functions}{subsection.3.4}% 22
\BOOKMARK [3][-]{subsubsection.3.4.2}{Solving with Separation of Variables}{subsection.3.4}% 23
\BOOKMARK [3][-]{subsubsection.3.4.3}{Discontinuity on the boundary}{subsection.3.4}% 24
\BOOKMARK [3][-]{subsubsection.3.4.4}{Circular Boundary}{subsection.3.4}% 25
\BOOKMARK [1][-]{section.4}{General formulas}{}% 26
\BOOKMARK [2][-]{subsection.4.1}{Ordinary Differential Equation ODE}{section.4}% 27
\BOOKMARK [3][-]{subsubsection.4.1.1}{linear first order ODE}{subsection.4.1}% 28
\BOOKMARK [3][-]{subsubsection.4.1.2}{Nonlinear first order ODE}{subsection.4.1}% 29
\BOOKMARK [2][-]{subsection.4.2}{Fourier series}{section.4}% 30
\BOOKMARK [2][-]{subsection.4.3}{Trigonometry}{section.4}% 31
